[2024-11-11 06:36:16] local.ERROR: Route [articles.edit] not defined. (View: C:\Users\loren\OneDrive\Documents\All Programming Projects\GROUPED PROJECTS\school projects\blue-alert\resources\views\pages\article.blade.php) {"userId":29,"exception":"[object] (Illuminate\\View\\ViewException(code: 0): Route [articles.edit] not defined. (View: C:\\Users\\loren\\OneDrive\\Documents\\All Programming Projects\\GROUPED PROJECTS\\school projects\\blue-alert\\resources\\views\\pages\\article.blade.php) at C:\\Users\\loren\\OneDrive\\Documents\\All Programming Projects\\GROUPED PROJECTS\\school projects\\blue-alert\\vendor\\laravel\\framework\\src\\Illuminate\\Routing\\UrlGenerator.php:512)
[stacktrace]
#0 C:\\Users\\loren\\OneDrive\\Documents\\All Programming Projects\\GROUPED PROJECTS\\school projects\\blue-alert\\vendor\\laravel\\framework\\src\\Illuminate\\View\\Engines\\PhpEngine.php(60): Illuminate\\View\\Engines\\CompilerEngine->handleViewException(Object(Symfony\\Component\\Routing\\Exception\\RouteNotFoundException), 1)
#1 C:\\Users\\loren\\OneDrive\\Documents\\All Programming Projects\\GROUPED PROJECTS\\school projects\\blue-alert\\vendor\\laravel\\framework\\src\\Illuminate\\View\\Engines\\CompilerEngine.php(73): Illuminate\\View\\Engines\\PhpEngine->evaluatePath('C:\\\\Users\\\\loren\\\\...', Array)
#2 C:\\Users\\loren\\OneDrive\\Documents\\All Programming Projects\\GROUPED PROJECTS\\school projects\\blue-alert\\vendor\\laravel\\framework\\src\\Illuminate\\View\\View.php(208): Illuminate\\View\\Engines\\CompilerEngine->get('C:\\\\Users\\\\loren\\\\...', Array)
#3 C:\\Users\\loren\\OneDrive\\Documents\\All Programming Projects\\GROUPED PROJECTS\\school projects\\blue-alert\\vendor\\laravel\\framework\\src\\Illuminate\\View\\View.php(191): Illuminate\\View\\View->getContents()
#4 C:\\Users\\loren\\OneDrive\\Documents\\All Programming Projects\\GROUPED PROJECTS\\school projects\\blue-alert\\vendor\\laravel\\framework\\src\\Illuminate\\View\\View.php(160): Illuminate\\View\\View->renderContents()
#5 C:\\Users\\loren\\OneDrive\\Documents\\All Programming Projects\\GROUPED PROJECTS\\school projects\\blue-alert\\vendor\\laravel\\framework\\src\\Illuminate\\Http\\Response.php(70): Illuminate\\View\\View->render()
#6 C:\\Users\\loren\\OneDrive\\Documents\\All Programming Projects\\GROUPED PROJECTS\\school projects\\blue-alert\\vendor\\laravel\\framework\\src\\Illuminate\\Http\\Response.php(35): Illuminate\\Http\\Response->setContent(Object(Illuminate\\View\\View))
#7 C:\\Users\\loren\\OneDrive\\Documents\\All Programming Projects\\GROUPED PROJECTS\\school projects\\blue-alert\\vendor\\laravel\\framework\\src\\Illuminate\\Routing\\Router.php(920): Illuminate\\Http\\Response->__construct(Object(Illuminate\\View\\View), 200, Array)
#8 C:\\Users\\loren\\OneDrive\\Documents\\All Programming Projects\\GROUPED PROJECTS\\school projects\\blue-alert\\vendor\\laravel\\framework\\src\\Illuminate\\Routing\\Router.php(887): Illuminate\\Routing\\Router::toResponse(Object(Illuminate\\Http\\Request), Object(Illuminate\\View\\View))
#9 C:\\Users\\loren\\OneDrive\\Documents\\All Programming Projects\\GROUPED PROJECTS\\school projects\\blue-alert\\vendor\\laravel\\framework\\src\\Illuminate\\Routing\\Router.php(807): Illuminate\\Routing\\Router->prepareResponse(Object(Illuminate\\Http\\Request), Object(Illuminate\\View\\View))
#10 C:\\Users\\loren\\OneDrive\\Documents\\All Programming Projects\\GROUPED PROJECTS\\school projects\\blue-alert\\vendor\\laravel\\framework\\src\\Illuminate\\Pipeline\\Pipeline.php(144): Illuminate\\Routing\\Router->Illuminate\\Routing\\{closure}(Object(Illuminate\\Http\\Request))
#11 C:\\Users\\loren\\OneDrive\\Documents\\All Programming Projects\\GROUPED PROJECTS\\school projects\\blue-alert\\vendor\\laravel\\framework\\src\\Illuminate\\Routing\\Middleware\\SubstituteBindings.php(51): Illuminate\\Pipeline\\Pipeline->Illuminate\\Pipeline\\{closure}(Object(Illuminate\\Http\\Request))
#12 C:\\Users\\loren\\OneDrive\\Documents\\All Programming Projects\\GROUPED PROJECTS\\school projects\\blue-alert\\vendor\\laravel\\framework\\src\\Illuminate\\Pipeline\\Pipeline.php(183): Illuminate\\Routing\\Middleware\\SubstituteBindings->handle(Object(Illuminate\\Http\\Request), Object(Closure))
#13 C:\\Users\\loren\\OneDrive\\Documents\\All Programming Projects\\GROUPED PROJECTS\\school projects\\blue-alert\\vendor\\laravel\\framework\\src\\Illuminate\\Foundation\\Http\\Middleware\\VerifyCsrfToken.php(88): Illuminate\\Pipeline\\Pipeline->Illuminate\\Pipeline\\{closure}(Object(Illuminate\\Http\\Request))
#14 C:\\Users\\loren\\OneDrive\\Documents\\All Programming Projects\\GROUPED PROJECTS\\school projects\\blue-alert\\vendor\\laravel\\framework\\src\\Illuminate\\Pipeline\\Pipeline.php(183): Illuminate\\Foundation\\Http\\Middleware\\VerifyCsrfToken->handle(Object(Illuminate\\Http\\Request), Object(Closure))
#15 C:\\Users\\loren\\OneDrive\\Documents\\All Programming Projects\\GROUPED PROJECTS\\school projects\\blue-alert\\vendor\\laravel\\framework\\src\\Illuminate\\View\\Middleware\\ShareErrorsFromSession.php(49): Illuminate\\Pipeline\\Pipeline->Illuminate\\Pipeline\\{closure}(Object(Illuminate\\Http\\Request))
#16 C:\\Users\\loren\\OneDrive\\Documents\\All Programming Projects\\GROUPED PROJECTS\\school projects\\blue-alert\\vendor\\laravel\\framework\\src\\Illuminate\\Pipeline\\Pipeline.php(183): Illuminate\\View\\Middleware\\ShareErrorsFromSession->handle(Object(Illuminate\\Http\\Request), Object(Closure))
#17 C:\\Users\\loren\\OneDrive\\Documents\\All Programming Projects\\GROUPED PROJECTS\\school projects\\blue-alert\\vendor\\laravel\\framework\\src\\Illuminate\\Session\\Middleware\\StartSession.php(121): Illuminate\\Pipeline\\Pipeline->Illuminate\\Pipeline\\{closure}(Object(Illuminate\\Http\\Request))
#18 C:\\Users\\loren\\OneDrive\\Documents\\All Programming Projects\\GROUPED PROJECTS\\school projects\\blue-alert\\vendor\\laravel\\framework\\src\\Illuminate\\Session\\Middleware\\StartSession.php(64): Illuminate\\Session\\Middleware\\StartSession->handleStatefulRequest(Object(Illuminate\\Http\\Request), Object(Illuminate\\Session\\Store), Object(Closure))
#19 C:\\Users\\loren\\OneDrive\\Documents\\All Programming Projects\\GROUPED PROJECTS\\school projects\\blue-alert\\vendor\\laravel\\framework\\src\\Illuminate\\Pipeline\\Pipeline.php(183): Illuminate\\Session\\Middleware\\StartSession->handle(Object(Illuminate\\Http\\Request), Object(Closure))
#20 C:\\Users\\loren\\OneDrive\\Documents\\All Programming Projects\\GROUPED PROJECTS\\school projects\\blue-alert\\vendor\\laravel\\framework\\src\\Illuminate\\Cookie\\Middleware\\AddQueuedCookiesToResponse.php(37): Illuminate\\Pipeline\\Pipeline->Illuminate\\Pipeline\\{closure}(Object(Illuminate\\Http\\Request))
#21 C:\\Users\\loren\\OneDrive\\Documents\\All Programming Projects\\GROUPED PROJECTS\\school projects\\blue-alert\\vendor\\laravel\\framework\\src\\Illuminate\\Pipeline\\Pipeline.php(183): Illuminate\\Cookie\\Middleware\\AddQueuedCookiesToResponse->handle(Object(Illuminate\\Http\\Request), Object(Closure))
#22 C:\\Users\\loren\\OneDrive\\Documents\\All Programming Projects\\GROUPED PROJECTS\\school projects\\blue-alert\\vendor\\laravel\\framework\\src\\Illuminate\\Cookie\\Middleware\\EncryptCookies.php(75): Illuminate\\Pipeline\\Pipeline->Illuminate\\Pipeline\\{closure}(Object(Illuminate\\Http\\Request))
#23 C:\\Users\\loren\\OneDrive\\Documents\\All Programming Projects\\GROUPED PROJECTS\\school projects\\blue-alert\\vendor\\laravel\\framework\\src\\Illuminate\\Pipeline\\Pipeline.php(183): Illuminate\\Cookie\\Middleware\\EncryptCookies->handle(Object(Illuminate\\Http\\Request), Object(Closure))
#24 C:\\Users\\loren\\OneDrive\\Documents\\All Programming Projects\\GROUPED PROJECTS\\school projects\\blue-alert\\vendor\\laravel\\framework\\src\\Illuminate\\Pipeline\\Pipeline.php(119): Illuminate\\Pipeline\\Pipeline->Illuminate\\Pipeline\\{closure}(Object(Illuminate\\Http\\Request))
#25 C:\\Users\\loren\\OneDrive\\Documents\\All Programming Projects\\GROUPED PROJECTS\\school projects\\blue-alert\\vendor\\laravel\\framework\\src\\Illuminate\\Routing\\Router.php(807): Illuminate\\Pipeline\\Pipeline->then(Object(Closure))
#26 C:\\Users\\loren\\OneDrive\\Documents\\All Programming Projects\\GROUPED PROJECTS\\school projects\\blue-alert\\vendor\\laravel\\framework\\src\\Illuminate\\Routing\\Router.php(786): Illuminate\\Routing\\Router->runRouteWithinStack(Object(Illuminate\\Routing\\Route), Object(Illuminate\\Http\\Request))
#27 C:\\Users\\loren\\OneDrive\\Documents\\All Programming Projects\\GROUPED PROJECTS\\school projects\\blue-alert\\vendor\\laravel\\framework\\src\\Illuminate\\Routing\\Router.php(750): Illuminate\\Routing\\Router->runRoute(Object(Illuminate\\Http\\Request), Object(Illuminate\\Routing\\Route))
#28 C:\\Users\\loren\\OneDrive\\Documents\\All Programming Projects\\GROUPED PROJECTS\\school projects\\blue-alert\\vendor\\laravel\\framework\\src\\Illuminate\\Routing\\Router.php(739): Illuminate\\Routing\\Router->dispatchToRoute(Object(Illuminate\\Http\\Request))
#29 C:\\Users\\loren\\OneDrive\\Documents\\All Programming Projects\\GROUPED PROJECTS\\school projects\\blue-alert\\vendor\\laravel\\framework\\src\\Illuminate\\Foundation\\Http\\Kernel.php(201): Illuminate\\Routing\\Router->dispatch(Object(Illuminate\\Http\\Request))
#30 C:\\Users\\loren\\OneDrive\\Documents\\All Programming Projects\\GROUPED PROJECTS\\school projects\\blue-alert\\vendor\\laravel\\framework\\src\\Illuminate\\Pipeline\\Pipeline.php(144): Illuminate\\Foundation\\Http\\Kernel->Illuminate\\Foundation\\Http\\{closure}(Object(Illuminate\\Http\\Request))
#31 C:\\Users\\loren\\OneDrive\\Documents\\All Programming Projects\\GROUPED PROJECTS\\school projects\\blue-alert\\vendor\\laravel\\framework\\src\\Illuminate\\Foundation\\Http\\Middleware\\TransformsRequest.php(21): Illuminate\\Pipeline\\Pipeline->Illuminate\\Pipeline\\{closure}(Object(Illuminate\\Http\\Request))
#32 C:\\Users\\loren\\OneDrive\\Documents\\All Programming Projects\\GROUPED PROJECTS\\school projects\\blue-alert\\vendor\\laravel\\framework\\src\\Illuminate\\Foundation\\Http\\Middleware\\ConvertEmptyStringsToNull.php(31): Illuminate\\Foundation\\Http\\Middleware\\TransformsRequest->handle(Object(Illuminate\\Http\\Request), Object(Closure))
#33 C:\\Users\\loren\\OneDrive\\Documents\\All Programming Projects\\GROUPED PROJECTS\\school projects\\blue-alert\\vendor\\laravel\\framework\\src\\Illuminate\\Pipeline\\Pipeline.php(183): Illuminate\\Foundation\\Http\\Middleware\\ConvertEmptyStringsToNull->handle(Object(Illuminate\\Http\\Request), Object(Closure))
#34 C:\\Users\\loren\\OneDrive\\Documents\\All Programming Projects\\GROUPED PROJECTS\\school projects\\blue-alert\\vendor\\laravel\\framework\\src\\Illuminate\\Foundation\\Http\\Middleware\\TransformsRequest.php(21): Illuminate\\Pipeline\\Pipeline->Illuminate\\Pipeline\\{closure}(Object(Illuminate\\Http\\Request))
#35 C:\\Users\\loren\\OneDrive\\Documents\\All Programming Projects\\GROUPED PROJECTS\\school projects\\blue-alert\\vendor\\laravel\\framework\\src\\Illuminate\\Foundation\\Http\\Middleware\\TrimStrings.php(51): Illuminate\\Foundation\\Http\\Middleware\\TransformsRequest->handle(Object(Illuminate\\Http\\Request), Object(Closure))
#36 C:\\Users\\loren\\OneDrive\\Documents\\All Programming Projects\\GROUPED PROJECTS\\school projects\\blue-alert\\vendor\\laravel\\framework\\src\\Illuminate\\Pipeline\\Pipeline.php(183): Illuminate\\Foundation\\Http\\Middleware\\TrimStrings->handle(Object(Illuminate\\Http\\Request), Object(Closure))
#37 C:\\Users\\loren\\OneDrive\\Documents\\All Programming Projects\\GROUPED PROJECTS\\school projects\\blue-alert\\vendor\\laravel\\framework\\src\\Illuminate\\Http\\Middleware\\ValidatePostSize.php(27): Illuminate\\Pipeline\\Pipeline->Illuminate\\Pipeline\\{closure}(Object(Illuminate\\Http\\Request))
#38 C:\\Users\\loren\\OneDrive\\Documents\\All Programming Projects\\GROUPED PROJECTS\\school projects\\blue-alert\\vendor\\laravel\\framework\\src\\Illuminate\\Pipeline\\Pipeline.php(183): Illuminate\\Http\\Middleware\\ValidatePostSize->handle(Object(Illuminate\\Http\\Request), Object(Closure))
#39 C:\\Users\\loren\\OneDrive\\Documents\\All Programming Projects\\GROUPED PROJECTS\\school projects\\blue-alert\\vendor\\laravel\\framework\\src\\Illuminate\\Foundation\\Http\\Middleware\\PreventRequestsDuringMaintenance.php(110): Illuminate\\Pipeline\\Pipeline->Illuminate\\Pipeline\\{closure}(Object(Illuminate\\Http\\Request))
#40 C:\\Users\\loren\\OneDrive\\Documents\\All Programming Projects\\GROUPED PROJECTS\\school projects\\blue-alert\\vendor\\laravel\\framework\\src\\Illuminate\\Pipeline\\Pipeline.php(183): Illuminate\\Foundation\\Http\\Middleware\\PreventRequestsDuringMaintenance->handle(Object(Illuminate\\Http\\Request), Object(Closure))
#41 C:\\Users\\loren\\OneDrive\\Documents\\All Programming Projects\\GROUPED PROJECTS\\school projects\\blue-alert\\vendor\\laravel\\framework\\src\\Illuminate\\Http\\Middleware\\HandleCors.php(49): Illuminate\\Pipeline\\Pipeline->Illuminate\\Pipeline\\{closure}(Object(Illuminate\\Http\\Request))
#42 C:\\Users\\loren\\OneDrive\\Documents\\All Programming Projects\\GROUPED PROJECTS\\school projects\\blue-alert\\vendor\\laravel\\framework\\src\\Illuminate\\Pipeline\\Pipeline.php(183): Illuminate\\Http\\Middleware\\HandleCors->handle(Object(Illuminate\\Http\\Request), Object(Closure))
#43 C:\\Users\\loren\\OneDrive\\Documents\\All Programming Projects\\GROUPED PROJECTS\\school projects\\blue-alert\\vendor\\laravel\\framework\\src\\Illuminate\\Http\\Middleware\\TrustProxies.php(57): Illuminate\\Pipeline\\Pipeline->Illuminate\\Pipeline\\{closure}(Object(Illuminate\\Http\\Request))
#44 C:\\Users\\loren\\OneDrive\\Documents\\All Programming Projects\\GROUPED PROJECTS\\school projects\\blue-alert\\vendor\\laravel\\framework\\src\\Illuminate\\Pipeline\\Pipeline.php(183): Illuminate\\Http\\Middleware\\TrustProxies->handle(Object(Illuminate\\Http\\Request), Object(Closure))
#45 C:\\Users\\loren\\OneDrive\\Documents\\All Programming Projects\\GROUPED PROJECTS\\school projects\\blue-alert\\vendor\\laravel\\framework\\src\\Illuminate\\Pipeline\\Pipeline.php(119): Illuminate\\Pipeline\\Pipeline->Illuminate\\Pipeline\\{closure}(Object(Illuminate\\Http\\Request))
#46 C:\\Users\\loren\\OneDrive\\Documents\\All Programming Projects\\GROUPED PROJECTS\\school projects\\blue-alert\\vendor\\laravel\\framework\\src\\Illuminate\\Foundation\\Http\\Kernel.php(176): Illuminate\\Pipeline\\Pipeline->then(Object(Closure))
#47 C:\\Users\\loren\\OneDrive\\Documents\\All Programming Projects\\GROUPED PROJECTS\\school projects\\blue-alert\\vendor\\laravel\\framework\\src\\Illuminate\\Foundation\\Http\\Kernel.php(145): Illuminate\\Foundation\\Http\\Kernel->sendRequestThroughRouter(Object(Illuminate\\Http\\Request))
#48 C:\\Users\\loren\\OneDrive\\Documents\\All Programming Projects\\GROUPED PROJECTS\\school projects\\blue-alert\\vendor\\laravel\\framework\\src\\Illuminate\\Foundation\\Application.php(1188): Illuminate\\Foundation\\Http\\Kernel->handle(Object(Illuminate\\Http\\Request))
#49 C:\\Users\\loren\\OneDrive\\Documents\\All Programming Projects\\GROUPED PROJECTS\\school projects\\blue-alert\\public\\index.php(17): Illuminate\\Foundation\\Application->handleRequest(Object(Illuminate\\Http\\Request))
#50 C:\\Users\\loren\\OneDrive\\Documents\\All Programming Projects\\GROUPED PROJECTS\\school projects\\blue-alert\\vendor\\laravel\\framework\\src\\Illuminate\\Foundation\\resources\\server.php(23): require_once('C:\\\\Users\\\\loren\\\\...')
#51 {main}

[previous exception] [object] (Symfony\\Component\\Routing\\Exception\\RouteNotFoundException(code: 0): Route [articles.edit] not defined. at C:\\Users\\loren\\OneDrive\\Documents\\All Programming Projects\\GROUPED PROJECTS\\school projects\\blue-alert\\vendor\\laravel\\framework\\src\\Illuminate\\Routing\\UrlGenerator.php:512)
[stacktrace]
#0 C:\\Users\\loren\\OneDrive\\Documents\\All Programming Projects\\GROUPED PROJECTS\\school projects\\blue-alert\\vendor\\laravel\\framework\\src\\Illuminate\\Foundation\\helpers.php(838): Illuminate\\Routing\\UrlGenerator->route('articles.edit', 18, true)
#1 C:\\Users\\loren\\OneDrive\\Documents\\All Programming Projects\\GROUPED PROJECTS\\school projects\\blue-alert\\storage\\framework\\views\\081c4044ea60645e5f8e08ae337df584.php(30): route('articles.edit', 18)
#2 C:\\Users\\loren\\OneDrive\\Documents\\All Programming Projects\\GROUPED PROJECTS\\school projects\\blue-alert\\vendor\\laravel\\framework\\src\\Illuminate\\Filesystem\\Filesystem.php(123): require('C:\\\\Users\\\\loren\\\\...')
#3 C:\\Users\\loren\\OneDrive\\Documents\\All Programming Projects\\GROUPED PROJECTS\\school projects\\blue-alert\\vendor\\laravel\\framework\\src\\Illuminate\\Filesystem\\Filesystem.php(124): Illuminate\\Filesystem\\Filesystem::Illuminate\\Filesystem\\{closure}()
#4 C:\\Users\\loren\\OneDrive\\Documents\\All Programming Projects\\GROUPED PROJECTS\\school projects\\blue-alert\\vendor\\laravel\\framework\\src\\Illuminate\\View\\Engines\\PhpEngine.php(58): Illuminate\\Filesystem\\Filesystem->getRequire('C:\\\\Users\\\\loren\\\\...', Array)
#5 C:\\Users\\loren\\OneDrive\\Documents\\All Programming Projects\\GROUPED PROJECTS\\school projects\\blue-alert\\vendor\\laravel\\framework\\src\\Illuminate\\View\\Engines\\CompilerEngine.php(73): Illuminate\\View\\Engines\\PhpEngine->evaluatePath('C:\\\\Users\\\\loren\\\\...', Array)
#6 C:\\Users\\loren\\OneDrive\\Documents\\All Programming Projects\\GROUPED PROJECTS\\school projects\\blue-alert\\vendor\\laravel\\framework\\src\\Illuminate\\View\\View.php(208): Illuminate\\View\\Engines\\CompilerEngine->get('C:\\\\Users\\\\loren\\\\...', Array)
#7 C:\\Users\\loren\\OneDrive\\Documents\\All Programming Projects\\GROUPED PROJECTS\\school projects\\blue-alert\\vendor\\laravel\\framework\\src\\Illuminate\\View\\View.php(191): Illuminate\\View\\View->getContents()
#8 C:\\Users\\loren\\OneDrive\\Documents\\All Programming Projects\\GROUPED PROJECTS\\school projects\\blue-alert\\vendor\\laravel\\framework\\src\\Illuminate\\View\\View.php(160): Illuminate\\View\\View->renderContents()
#9 C:\\Users\\loren\\OneDrive\\Documents\\All Programming Projects\\GROUPED PROJECTS\\school projects\\blue-alert\\vendor\\laravel\\framework\\src\\Illuminate\\Http\\Response.php(70): Illuminate\\View\\View->render()
#10 C:\\Users\\loren\\OneDrive\\Documents\\All Programming Projects\\GROUPED PROJECTS\\school projects\\blue-alert\\vendor\\laravel\\framework\\src\\Illuminate\\Http\\Response.php(35): Illuminate\\Http\\Response->setContent(Object(Illuminate\\View\\View))
#11 C:\\Users\\loren\\OneDrive\\Documents\\All Programming Projects\\GROUPED PROJECTS\\school projects\\blue-alert\\vendor\\laravel\\framework\\src\\Illuminate\\Routing\\Router.php(920): Illuminate\\Http\\Response->__construct(Object(Illuminate\\View\\View), 200, Array)
#12 C:\\Users\\loren\\OneDrive\\Documents\\All Programming Projects\\GROUPED PROJECTS\\school projects\\blue-alert\\vendor\\laravel\\framework\\src\\Illuminate\\Routing\\Router.php(887): Illuminate\\Routing\\Router::toResponse(Object(Illuminate\\Http\\Request), Object(Illuminate\\View\\View))
#13 C:\\Users\\loren\\OneDrive\\Documents\\All Programming Projects\\GROUPED PROJECTS\\school projects\\blue-alert\\vendor\\laravel\\framework\\src\\Illuminate\\Routing\\Router.php(807): Illuminate\\Routing\\Router->prepareResponse(Object(Illuminate\\Http\\Request), Object(Illuminate\\View\\View))
#14 C:\\Users\\loren\\OneDrive\\Documents\\All Programming Projects\\GROUPED PROJECTS\\school projects\\blue-alert\\vendor\\laravel\\framework\\src\\Illuminate\\Pipeline\\Pipeline.php(144): Illuminate\\Routing\\Router->Illuminate\\Routing\\{closure}(Object(Illuminate\\Http\\Request))
#15 C:\\Users\\loren\\OneDrive\\Documents\\All Programming Projects\\GROUPED PROJECTS\\school projects\\blue-alert\\vendor\\laravel\\framework\\src\\Illuminate\\Routing\\Middleware\\SubstituteBindings.php(51): Illuminate\\Pipeline\\Pipeline->Illuminate\\Pipeline\\{closure}(Object(Illuminate\\Http\\Request))
#16 C:\\Users\\loren\\OneDrive\\Documents\\All Programming Projects\\GROUPED PROJECTS\\school projects\\blue-alert\\vendor\\laravel\\framework\\src\\Illuminate\\Pipeline\\Pipeline.php(183): Illuminate\\Routing\\Middleware\\SubstituteBindings->handle(Object(Illuminate\\Http\\Request), Object(Closure))
#17 C:\\Users\\loren\\OneDrive\\Documents\\All Programming Projects\\GROUPED PROJECTS\\school projects\\blue-alert\\vendor\\laravel\\framework\\src\\Illuminate\\Foundation\\Http\\Middleware\\VerifyCsrfToken.php(88): Illuminate\\Pipeline\\Pipeline->Illuminate\\Pipeline\\{closure}(Object(Illuminate\\Http\\Request))
#18 C:\\Users\\loren\\OneDrive\\Documents\\All Programming Projects\\GROUPED PROJECTS\\school projects\\blue-alert\\vendor\\laravel\\framework\\src\\Illuminate\\Pipeline\\Pipeline.php(183): Illuminate\\Foundation\\Http\\Middleware\\VerifyCsrfToken->handle(Object(Illuminate\\Http\\Request), Object(Closure))
#19 C:\\Users\\loren\\OneDrive\\Documents\\All Programming Projects\\GROUPED PROJECTS\\school projects\\blue-alert\\vendor\\laravel\\framework\\src\\Illuminate\\View\\Middleware\\ShareErrorsFromSession.php(49): Illuminate\\Pipeline\\Pipeline->Illuminate\\Pipeline\\{closure}(Object(Illuminate\\Http\\Request))
#20 C:\\Users\\loren\\OneDrive\\Documents\\All Programming Projects\\GROUPED PROJECTS\\school projects\\blue-alert\\vendor\\laravel\\framework\\src\\Illuminate\\Pipeline\\Pipeline.php(183): Illuminate\\View\\Middleware\\ShareErrorsFromSession->handle(Object(Illuminate\\Http\\Request), Object(Closure))
#21 C:\\Users\\loren\\OneDrive\\Documents\\All Programming Projects\\GROUPED PROJECTS\\school projects\\blue-alert\\vendor\\laravel\\framework\\src\\Illuminate\\Session\\Middleware\\StartSession.php(121): Illuminate\\Pipeline\\Pipeline->Illuminate\\Pipeline\\{closure}(Object(Illuminate\\Http\\Request))
#22 C:\\Users\\loren\\OneDrive\\Documents\\All Programming Projects\\GROUPED PROJECTS\\school projects\\blue-alert\\vendor\\laravel\\framework\\src\\Illuminate\\Session\\Middleware\\StartSession.php(64): Illuminate\\Session\\Middleware\\StartSession->handleStatefulRequest(Object(Illuminate\\Http\\Request), Object(Illuminate\\Session\\Store), Object(Closure))
#23 C:\\Users\\loren\\OneDrive\\Documents\\All Programming Projects\\GROUPED PROJECTS\\school projects\\blue-alert\\vendor\\laravel\\framework\\src\\Illuminate\\Pipeline\\Pipeline.php(183): Illuminate\\Session\\Middleware\\StartSession->handle(Object(Illuminate\\Http\\Request), Object(Closure))
#24 C:\\Users\\loren\\OneDrive\\Documents\\All Programming Projects\\GROUPED PROJECTS\\school projects\\blue-alert\\vendor\\laravel\\framework\\src\\Illuminate\\Cookie\\Middleware\\AddQueuedCookiesToResponse.php(37): Illuminate\\Pipeline\\Pipeline->Illuminate\\Pipeline\\{closure}(Object(Illuminate\\Http\\Request))
#25 C:\\Users\\loren\\OneDrive\\Documents\\All Programming Projects\\GROUPED PROJECTS\\school projects\\blue-alert\\vendor\\laravel\\framework\\src\\Illuminate\\Pipeline\\Pipeline.php(183): Illuminate\\Cookie\\Middleware\\AddQueuedCookiesToResponse->handle(Object(Illuminate\\Http\\Request), Object(Closure))
#26 C:\\Users\\loren\\OneDrive\\Documents\\All Programming Projects\\GROUPED PROJECTS\\school projects\\blue-alert\\vendor\\laravel\\framework\\src\\Illuminate\\Cookie\\Middleware\\EncryptCookies.php(75): Illuminate\\Pipeline\\Pipeline->Illuminate\\Pipeline\\{closure}(Object(Illuminate\\Http\\Request))
#27 C:\\Users\\loren\\OneDrive\\Documents\\All Programming Projects\\GROUPED PROJECTS\\school projects\\blue-alert\\vendor\\laravel\\framework\\src\\Illuminate\\Pipeline\\Pipeline.php(183): Illuminate\\Cookie\\Middleware\\EncryptCookies->handle(Object(Illuminate\\Http\\Request), Object(Closure))
#28 C:\\Users\\loren\\OneDrive\\Documents\\All Programming Projects\\GROUPED PROJECTS\\school projects\\blue-alert\\vendor\\laravel\\framework\\src\\Illuminate\\Pipeline\\Pipeline.php(119): Illuminate\\Pipeline\\Pipeline->Illuminate\\Pipeline\\{closure}(Object(Illuminate\\Http\\Request))
#29 C:\\Users\\loren\\OneDrive\\Documents\\All Programming Projects\\GROUPED PROJECTS\\school projects\\blue-alert\\vendor\\laravel\\framework\\src\\Illuminate\\Routing\\Router.php(807): Illuminate\\Pipeline\\Pipeline->then(Object(Closure))
#30 C:\\Users\\loren\\OneDrive\\Documents\\All Programming Projects\\GROUPED PROJECTS\\school projects\\blue-alert\\vendor\\laravel\\framework\\src\\Illuminate\\Routing\\Router.php(786): Illuminate\\Routing\\Router->runRouteWithinStack(Object(Illuminate\\Routing\\Route), Object(Illuminate\\Http\\Request))
#31 C:\\Users\\loren\\OneDrive\\Documents\\All Programming Projects\\GROUPED PROJECTS\\school projects\\blue-alert\\vendor\\laravel\\framework\\src\\Illuminate\\Routing\\Router.php(750): Illuminate\\Routing\\Router->runRoute(Object(Illuminate\\Http\\Request), Object(Illuminate\\Routing\\Route))
#32 C:\\Users\\loren\\OneDrive\\Documents\\All Programming Projects\\GROUPED PROJECTS\\school projects\\blue-alert\\vendor\\laravel\\framework\\src\\Illuminate\\Routing\\Router.php(739): Illuminate\\Routing\\Router->dispatchToRoute(Object(Illuminate\\Http\\Request))
#33 C:\\Users\\loren\\OneDrive\\Documents\\All Programming Projects\\GROUPED PROJECTS\\school projects\\blue-alert\\vendor\\laravel\\framework\\src\\Illuminate\\Foundation\\Http\\Kernel.php(201): Illuminate\\Routing\\Router->dispatch(Object(Illuminate\\Http\\Request))
#34 C:\\Users\\loren\\OneDrive\\Documents\\All Programming Projects\\GROUPED PROJECTS\\school projects\\blue-alert\\vendor\\laravel\\framework\\src\\Illuminate\\Pipeline\\Pipeline.php(144): Illuminate\\Foundation\\Http\\Kernel->Illuminate\\Foundation\\Http\\{closure}(Object(Illuminate\\Http\\Request))
#35 C:\\Users\\loren\\OneDrive\\Documents\\All Programming Projects\\GROUPED PROJECTS\\school projects\\blue-alert\\vendor\\laravel\\framework\\src\\Illuminate\\Foundation\\Http\\Middleware\\TransformsRequest.php(21): Illuminate\\Pipeline\\Pipeline->Illuminate\\Pipeline\\{closure}(Object(Illuminate\\Http\\Request))
#36 C:\\Users\\loren\\OneDrive\\Documents\\All Programming Projects\\GROUPED PROJECTS\\school projects\\blue-alert\\vendor\\laravel\\framework\\src\\Illuminate\\Foundation\\Http\\Middleware\\ConvertEmptyStringsToNull.php(31): Illuminate\\Foundation\\Http\\Middleware\\TransformsRequest->handle(Object(Illuminate\\Http\\Request), Object(Closure))
#37 C:\\Users\\loren\\OneDrive\\Documents\\All Programming Projects\\GROUPED PROJECTS\\school projects\\blue-alert\\vendor\\laravel\\framework\\src\\Illuminate\\Pipeline\\Pipeline.php(183): Illuminate\\Foundation\\Http\\Middleware\\ConvertEmptyStringsToNull->handle(Object(Illuminate\\Http\\Request), Object(Closure))
#38 C:\\Users\\loren\\OneDrive\\Documents\\All Programming Projects\\GROUPED PROJECTS\\school projects\\blue-alert\\vendor\\laravel\\framework\\src\\Illuminate\\Foundation\\Http\\Middleware\\TransformsRequest.php(21): Illuminate\\Pipeline\\Pipeline->Illuminate\\Pipeline\\{closure}(Object(Illuminate\\Http\\Request))
#39 C:\\Users\\loren\\OneDrive\\Documents\\All Programming Projects\\GROUPED PROJECTS\\school projects\\blue-alert\\vendor\\laravel\\framework\\src\\Illuminate\\Foundation\\Http\\Middleware\\TrimStrings.php(51): Illuminate\\Foundation\\Http\\Middleware\\TransformsRequest->handle(Object(Illuminate\\Http\\Request), Object(Closure))
#40 C:\\Users\\loren\\OneDrive\\Documents\\All Programming Projects\\GROUPED PROJECTS\\school projects\\blue-alert\\vendor\\laravel\\framework\\src\\Illuminate\\Pipeline\\Pipeline.php(183): Illuminate\\Foundation\\Http\\Middleware\\TrimStrings->handle(Object(Illuminate\\Http\\Request), Object(Closure))
#41 C:\\Users\\loren\\OneDrive\\Documents\\All Programming Projects\\GROUPED PROJECTS\\school projects\\blue-alert\\vendor\\laravel\\framework\\src\\Illuminate\\Http\\Middleware\\ValidatePostSize.php(27): Illuminate\\Pipeline\\Pipeline->Illuminate\\Pipeline\\{closure}(Object(Illuminate\\Http\\Request))
#42 C:\\Users\\loren\\OneDrive\\Documents\\All Programming Projects\\GROUPED PROJECTS\\school projects\\blue-alert\\vendor\\laravel\\framework\\src\\Illuminate\\Pipeline\\Pipeline.php(183): Illuminate\\Http\\Middleware\\ValidatePostSize->handle(Object(Illuminate\\Http\\Request), Object(Closure))
#43 C:\\Users\\loren\\OneDrive\\Documents\\All Programming Projects\\GROUPED PROJECTS\\school projects\\blue-alert\\vendor\\laravel\\framework\\src\\Illuminate\\Foundation\\Http\\Middleware\\PreventRequestsDuringMaintenance.php(110): Illuminate\\Pipeline\\Pipeline->Illuminate\\Pipeline\\{closure}(Object(Illuminate\\Http\\Request))
#44 C:\\Users\\loren\\OneDrive\\Documents\\All Programming Projects\\GROUPED PROJECTS\\school projects\\blue-alert\\vendor\\laravel\\framework\\src\\Illuminate\\Pipeline\\Pipeline.php(183): Illuminate\\Foundation\\Http\\Middleware\\PreventRequestsDuringMaintenance->handle(Object(Illuminate\\Http\\Request), Object(Closure))
#45 C:\\Users\\loren\\OneDrive\\Documents\\All Programming Projects\\GROUPED PROJECTS\\school projects\\blue-alert\\vendor\\laravel\\framework\\src\\Illuminate\\Http\\Middleware\\HandleCors.php(49): Illuminate\\Pipeline\\Pipeline->Illuminate\\Pipeline\\{closure}(Object(Illuminate\\Http\\Request))
#46 C:\\Users\\loren\\OneDrive\\Documents\\All Programming Projects\\GROUPED PROJECTS\\school projects\\blue-alert\\vendor\\laravel\\framework\\src\\Illuminate\\Pipeline\\Pipeline.php(183): Illuminate\\Http\\Middleware\\HandleCors->handle(Object(Illuminate\\Http\\Request), Object(Closure))
#47 C:\\Users\\loren\\OneDrive\\Documents\\All Programming Projects\\GROUPED PROJECTS\\school projects\\blue-alert\\vendor\\laravel\\framework\\src\\Illuminate\\Http\\Middleware\\TrustProxies.php(57): Illuminate\\Pipeline\\Pipeline->Illuminate\\Pipeline\\{closure}(Object(Illuminate\\Http\\Request))
#48 C:\\Users\\loren\\OneDrive\\Documents\\All Programming Projects\\GROUPED PROJECTS\\school projects\\blue-alert\\vendor\\laravel\\framework\\src\\Illuminate\\Pipeline\\Pipeline.php(183): Illuminate\\Http\\Middleware\\TrustProxies->handle(Object(Illuminate\\Http\\Request), Object(Closure))
#49 C:\\Users\\loren\\OneDrive\\Documents\\All Programming Projects\\GROUPED PROJECTS\\school projects\\blue-alert\\vendor\\laravel\\framework\\src\\Illuminate\\Pipeline\\Pipeline.php(119): Illuminate\\Pipeline\\Pipeline->Illuminate\\Pipeline\\{closure}(Object(Illuminate\\Http\\Request))
#50 C:\\Users\\loren\\OneDrive\\Documents\\All Programming Projects\\GROUPED PROJECTS\\school projects\\blue-alert\\vendor\\laravel\\framework\\src\\Illuminate\\Foundation\\Http\\Kernel.php(176): Illuminate\\Pipeline\\Pipeline->then(Object(Closure))
#51 C:\\Users\\loren\\OneDrive\\Documents\\All Programming Projects\\GROUPED PROJECTS\\school projects\\blue-alert\\vendor\\laravel\\framework\\src\\Illuminate\\Foundation\\Http\\Kernel.php(145): Illuminate\\Foundation\\Http\\Kernel->sendRequestThroughRouter(Object(Illuminate\\Http\\Request))
#52 C:\\Users\\loren\\OneDrive\\Documents\\All Programming Projects\\GROUPED PROJECTS\\school projects\\blue-alert\\vendor\\laravel\\framework\\src\\Illuminate\\Foundation\\Application.php(1188): Illuminate\\Foundation\\Http\\Kernel->handle(Object(Illuminate\\Http\\Request))
#53 C:\\Users\\loren\\OneDrive\\Documents\\All Programming Projects\\GROUPED PROJECTS\\school projects\\blue-alert\\public\\index.php(17): Illuminate\\Foundation\\Application->handleRequest(Object(Illuminate\\Http\\Request))
#54 C:\\Users\\loren\\OneDrive\\Documents\\All Programming Projects\\GROUPED PROJECTS\\school projects\\blue-alert\\vendor\\laravel\\framework\\src\\Illuminate\\Foundation\\resources\\server.php(23): require_once('C:\\\\Users\\\\loren\\\\...')
#55 {main}
"} 
[2024-11-11 06:39:18] local.ERROR: View [articles.edit] not found. {"userId":29,"exception":"[object] (InvalidArgumentException(code: 0): View [articles.edit] not found. at C:\\Users\\loren\\OneDrive\\Documents\\All Programming Projects\\GROUPED PROJECTS\\school projects\\blue-alert\\vendor\\laravel\\framework\\src\\Illuminate\\View\\FileViewFinder.php:139)
[stacktrace]
#0 C:\\Users\\loren\\OneDrive\\Documents\\All Programming Projects\\GROUPED PROJECTS\\school projects\\blue-alert\\vendor\\laravel\\framework\\src\\Illuminate\\View\\FileViewFinder.php(79): Illuminate\\View\\FileViewFinder->findInPaths('articles.edit', Array)
#1 C:\\Users\\loren\\OneDrive\\Documents\\All Programming Projects\\GROUPED PROJECTS\\school projects\\blue-alert\\vendor\\laravel\\framework\\src\\Illuminate\\View\\Factory.php(151): Illuminate\\View\\FileViewFinder->find('articles.edit')
#2 C:\\Users\\loren\\OneDrive\\Documents\\All Programming Projects\\GROUPED PROJECTS\\school projects\\blue-alert\\vendor\\laravel\\framework\\src\\Illuminate\\Foundation\\helpers.php(1047): Illuminate\\View\\Factory->make('articles.edit', Array, Array)
#3 C:\\Users\\loren\\OneDrive\\Documents\\All Programming Projects\\GROUPED PROJECTS\\school projects\\blue-alert\\app\\Http\\Controllers\\ArticleController.php(38): view('articles.edit', Array)
#4 C:\\Users\\loren\\OneDrive\\Documents\\All Programming Projects\\GROUPED PROJECTS\\school projects\\blue-alert\\vendor\\laravel\\framework\\src\\Illuminate\\Routing\\ControllerDispatcher.php(46): App\\Http\\Controllers\\ArticleController->showEditForm('18')
#5 C:\\Users\\loren\\OneDrive\\Documents\\All Programming Projects\\GROUPED PROJECTS\\school projects\\blue-alert\\vendor\\laravel\\framework\\src\\Illuminate\\Routing\\Route.php(260): Illuminate\\Routing\\ControllerDispatcher->dispatch(Object(Illuminate\\Routing\\Route), Object(App\\Http\\Controllers\\ArticleController), 'showEditForm')
#6 C:\\Users\\loren\\OneDrive\\Documents\\All Programming Projects\\GROUPED PROJECTS\\school projects\\blue-alert\\vendor\\laravel\\framework\\src\\Illuminate\\Routing\\Route.php(206): Illuminate\\Routing\\Route->runController()
#7 C:\\Users\\loren\\OneDrive\\Documents\\All Programming Projects\\GROUPED PROJECTS\\school projects\\blue-alert\\vendor\\laravel\\framework\\src\\Illuminate\\Routing\\Router.php(808): Illuminate\\Routing\\Route->run()
#8 C:\\Users\\loren\\OneDrive\\Documents\\All Programming Projects\\GROUPED PROJECTS\\school projects\\blue-alert\\vendor\\laravel\\framework\\src\\Illuminate\\Pipeline\\Pipeline.php(144): Illuminate\\Routing\\Router->Illuminate\\Routing\\{closure}(Object(Illuminate\\Http\\Request))
#9 C:\\Users\\loren\\OneDrive\\Documents\\All Programming Projects\\GROUPED PROJECTS\\school projects\\blue-alert\\vendor\\laravel\\framework\\src\\Illuminate\\Routing\\Middleware\\SubstituteBindings.php(51): Illuminate\\Pipeline\\Pipeline->Illuminate\\Pipeline\\{closure}(Object(Illuminate\\Http\\Request))
#10 C:\\Users\\loren\\OneDrive\\Documents\\All Programming Projects\\GROUPED PROJECTS\\school projects\\blue-alert\\vendor\\laravel\\framework\\src\\Illuminate\\Pipeline\\Pipeline.php(183): Illuminate\\Routing\\Middleware\\SubstituteBindings->handle(Object(Illuminate\\Http\\Request), Object(Closure))
#11 C:\\Users\\loren\\OneDrive\\Documents\\All Programming Projects\\GROUPED PROJECTS\\school projects\\blue-alert\\vendor\\laravel\\framework\\src\\Illuminate\\Auth\\Middleware\\Authenticate.php(64): Illuminate\\Pipeline\\Pipeline->Illuminate\\Pipeline\\{closure}(Object(Illuminate\\Http\\Request))
#12 C:\\Users\\loren\\OneDrive\\Documents\\All Programming Projects\\GROUPED PROJECTS\\school projects\\blue-alert\\vendor\\laravel\\framework\\src\\Illuminate\\Pipeline\\Pipeline.php(183): Illuminate\\Auth\\Middleware\\Authenticate->handle(Object(Illuminate\\Http\\Request), Object(Closure))
#13 C:\\Users\\loren\\OneDrive\\Documents\\All Programming Projects\\GROUPED PROJECTS\\school projects\\blue-alert\\vendor\\laravel\\framework\\src\\Illuminate\\Foundation\\Http\\Middleware\\VerifyCsrfToken.php(88): Illuminate\\Pipeline\\Pipeline->Illuminate\\Pipeline\\{closure}(Object(Illuminate\\Http\\Request))
#14 C:\\Users\\loren\\OneDrive\\Documents\\All Programming Projects\\GROUPED PROJECTS\\school projects\\blue-alert\\vendor\\laravel\\framework\\src\\Illuminate\\Pipeline\\Pipeline.php(183): Illuminate\\Foundation\\Http\\Middleware\\VerifyCsrfToken->handle(Object(Illuminate\\Http\\Request), Object(Closure))
#15 C:\\Users\\loren\\OneDrive\\Documents\\All Programming Projects\\GROUPED PROJECTS\\school projects\\blue-alert\\vendor\\laravel\\framework\\src\\Illuminate\\View\\Middleware\\ShareErrorsFromSession.php(49): Illuminate\\Pipeline\\Pipeline->Illuminate\\Pipeline\\{closure}(Object(Illuminate\\Http\\Request))
#16 C:\\Users\\loren\\OneDrive\\Documents\\All Programming Projects\\GROUPED PROJECTS\\school projects\\blue-alert\\vendor\\laravel\\framework\\src\\Illuminate\\Pipeline\\Pipeline.php(183): Illuminate\\View\\Middleware\\ShareErrorsFromSession->handle(Object(Illuminate\\Http\\Request), Object(Closure))
#17 C:\\Users\\loren\\OneDrive\\Documents\\All Programming Projects\\GROUPED PROJECTS\\school projects\\blue-alert\\vendor\\laravel\\framework\\src\\Illuminate\\Session\\Middleware\\StartSession.php(121): Illuminate\\Pipeline\\Pipeline->Illuminate\\Pipeline\\{closure}(Object(Illuminate\\Http\\Request))
#18 C:\\Users\\loren\\OneDrive\\Documents\\All Programming Projects\\GROUPED PROJECTS\\school projects\\blue-alert\\vendor\\laravel\\framework\\src\\Illuminate\\Session\\Middleware\\StartSession.php(64): Illuminate\\Session\\Middleware\\StartSession->handleStatefulRequest(Object(Illuminate\\Http\\Request), Object(Illuminate\\Session\\Store), Object(Closure))
#19 C:\\Users\\loren\\OneDrive\\Documents\\All Programming Projects\\GROUPED PROJECTS\\school projects\\blue-alert\\vendor\\laravel\\framework\\src\\Illuminate\\Pipeline\\Pipeline.php(183): Illuminate\\Session\\Middleware\\StartSession->handle(Object(Illuminate\\Http\\Request), Object(Closure))
#20 C:\\Users\\loren\\OneDrive\\Documents\\All Programming Projects\\GROUPED PROJECTS\\school projects\\blue-alert\\vendor\\laravel\\framework\\src\\Illuminate\\Cookie\\Middleware\\AddQueuedCookiesToResponse.php(37): Illuminate\\Pipeline\\Pipeline->Illuminate\\Pipeline\\{closure}(Object(Illuminate\\Http\\Request))
#21 C:\\Users\\loren\\OneDrive\\Documents\\All Programming Projects\\GROUPED PROJECTS\\school projects\\blue-alert\\vendor\\laravel\\framework\\src\\Illuminate\\Pipeline\\Pipeline.php(183): Illuminate\\Cookie\\Middleware\\AddQueuedCookiesToResponse->handle(Object(Illuminate\\Http\\Request), Object(Closure))
#22 C:\\Users\\loren\\OneDrive\\Documents\\All Programming Projects\\GROUPED PROJECTS\\school projects\\blue-alert\\vendor\\laravel\\framework\\src\\Illuminate\\Cookie\\Middleware\\EncryptCookies.php(75): Illuminate\\Pipeline\\Pipeline->Illuminate\\Pipeline\\{closure}(Object(Illuminate\\Http\\Request))
#23 C:\\Users\\loren\\OneDrive\\Documents\\All Programming Projects\\GROUPED PROJECTS\\school projects\\blue-alert\\vendor\\laravel\\framework\\src\\Illuminate\\Pipeline\\Pipeline.php(183): Illuminate\\Cookie\\Middleware\\EncryptCookies->handle(Object(Illuminate\\Http\\Request), Object(Closure))
#24 C:\\Users\\loren\\OneDrive\\Documents\\All Programming Projects\\GROUPED PROJECTS\\school projects\\blue-alert\\vendor\\laravel\\framework\\src\\Illuminate\\Pipeline\\Pipeline.php(119): Illuminate\\Pipeline\\Pipeline->Illuminate\\Pipeline\\{closure}(Object(Illuminate\\Http\\Request))
#25 C:\\Users\\loren\\OneDrive\\Documents\\All Programming Projects\\GROUPED PROJECTS\\school projects\\blue-alert\\vendor\\laravel\\framework\\src\\Illuminate\\Routing\\Router.php(807): Illuminate\\Pipeline\\Pipeline->then(Object(Closure))
#26 C:\\Users\\loren\\OneDrive\\Documents\\All Programming Projects\\GROUPED PROJECTS\\school projects\\blue-alert\\vendor\\laravel\\framework\\src\\Illuminate\\Routing\\Router.php(786): Illuminate\\Routing\\Router->runRouteWithinStack(Object(Illuminate\\Routing\\Route), Object(Illuminate\\Http\\Request))
#27 C:\\Users\\loren\\OneDrive\\Documents\\All Programming Projects\\GROUPED PROJECTS\\school projects\\blue-alert\\vendor\\laravel\\framework\\src\\Illuminate\\Routing\\Router.php(750): Illuminate\\Routing\\Router->runRoute(Object(Illuminate\\Http\\Request), Object(Illuminate\\Routing\\Route))
#28 C:\\Users\\loren\\OneDrive\\Documents\\All Programming Projects\\GROUPED PROJECTS\\school projects\\blue-alert\\vendor\\laravel\\framework\\src\\Illuminate\\Routing\\Router.php(739): Illuminate\\Routing\\Router->dispatchToRoute(Object(Illuminate\\Http\\Request))
#29 C:\\Users\\loren\\OneDrive\\Documents\\All Programming Projects\\GROUPED PROJECTS\\school projects\\blue-alert\\vendor\\laravel\\framework\\src\\Illuminate\\Foundation\\Http\\Kernel.php(201): Illuminate\\Routing\\Router->dispatch(Object(Illuminate\\Http\\Request))
#30 C:\\Users\\loren\\OneDrive\\Documents\\All Programming Projects\\GROUPED PROJECTS\\school projects\\blue-alert\\vendor\\laravel\\framework\\src\\Illuminate\\Pipeline\\Pipeline.php(144): Illuminate\\Foundation\\Http\\Kernel->Illuminate\\Foundation\\Http\\{closure}(Object(Illuminate\\Http\\Request))
#31 C:\\Users\\loren\\OneDrive\\Documents\\All Programming Projects\\GROUPED PROJECTS\\school projects\\blue-alert\\vendor\\laravel\\framework\\src\\Illuminate\\Foundation\\Http\\Middleware\\TransformsRequest.php(21): Illuminate\\Pipeline\\Pipeline->Illuminate\\Pipeline\\{closure}(Object(Illuminate\\Http\\Request))
#32 C:\\Users\\loren\\OneDrive\\Documents\\All Programming Projects\\GROUPED PROJECTS\\school projects\\blue-alert\\vendor\\laravel\\framework\\src\\Illuminate\\Foundation\\Http\\Middleware\\ConvertEmptyStringsToNull.php(31): Illuminate\\Foundation\\Http\\Middleware\\TransformsRequest->handle(Object(Illuminate\\Http\\Request), Object(Closure))
#33 C:\\Users\\loren\\OneDrive\\Documents\\All Programming Projects\\GROUPED PROJECTS\\school projects\\blue-alert\\vendor\\laravel\\framework\\src\\Illuminate\\Pipeline\\Pipeline.php(183): Illuminate\\Foundation\\Http\\Middleware\\ConvertEmptyStringsToNull->handle(Object(Illuminate\\Http\\Request), Object(Closure))
#34 C:\\Users\\loren\\OneDrive\\Documents\\All Programming Projects\\GROUPED PROJECTS\\school projects\\blue-alert\\vendor\\laravel\\framework\\src\\Illuminate\\Foundation\\Http\\Middleware\\TransformsRequest.php(21): Illuminate\\Pipeline\\Pipeline->Illuminate\\Pipeline\\{closure}(Object(Illuminate\\Http\\Request))
#35 C:\\Users\\loren\\OneDrive\\Documents\\All Programming Projects\\GROUPED PROJECTS\\school projects\\blue-alert\\vendor\\laravel\\framework\\src\\Illuminate\\Foundation\\Http\\Middleware\\TrimStrings.php(51): Illuminate\\Foundation\\Http\\Middleware\\TransformsRequest->handle(Object(Illuminate\\Http\\Request), Object(Closure))
#36 C:\\Users\\loren\\OneDrive\\Documents\\All Programming Projects\\GROUPED PROJECTS\\school projects\\blue-alert\\vendor\\laravel\\framework\\src\\Illuminate\\Pipeline\\Pipeline.php(183): Illuminate\\Foundation\\Http\\Middleware\\TrimStrings->handle(Object(Illuminate\\Http\\Request), Object(Closure))
#37 C:\\Users\\loren\\OneDrive\\Documents\\All Programming Projects\\GROUPED PROJECTS\\school projects\\blue-alert\\vendor\\laravel\\framework\\src\\Illuminate\\Http\\Middleware\\ValidatePostSize.php(27): Illuminate\\Pipeline\\Pipeline->Illuminate\\Pipeline\\{closure}(Object(Illuminate\\Http\\Request))
#38 C:\\Users\\loren\\OneDrive\\Documents\\All Programming Projects\\GROUPED PROJECTS\\school projects\\blue-alert\\vendor\\laravel\\framework\\src\\Illuminate\\Pipeline\\Pipeline.php(183): Illuminate\\Http\\Middleware\\ValidatePostSize->handle(Object(Illuminate\\Http\\Request), Object(Closure))
#39 C:\\Users\\loren\\OneDrive\\Documents\\All Programming Projects\\GROUPED PROJECTS\\school projects\\blue-alert\\vendor\\laravel\\framework\\src\\Illuminate\\Foundation\\Http\\Middleware\\PreventRequestsDuringMaintenance.php(110): Illuminate\\Pipeline\\Pipeline->Illuminate\\Pipeline\\{closure}(Object(Illuminate\\Http\\Request))
#40 C:\\Users\\loren\\OneDrive\\Documents\\All Programming Projects\\GROUPED PROJECTS\\school projects\\blue-alert\\vendor\\laravel\\framework\\src\\Illuminate\\Pipeline\\Pipeline.php(183): Illuminate\\Foundation\\Http\\Middleware\\PreventRequestsDuringMaintenance->handle(Object(Illuminate\\Http\\Request), Object(Closure))
#41 C:\\Users\\loren\\OneDrive\\Documents\\All Programming Projects\\GROUPED PROJECTS\\school projects\\blue-alert\\vendor\\laravel\\framework\\src\\Illuminate\\Http\\Middleware\\HandleCors.php(49): Illuminate\\Pipeline\\Pipeline->Illuminate\\Pipeline\\{closure}(Object(Illuminate\\Http\\Request))
#42 C:\\Users\\loren\\OneDrive\\Documents\\All Programming Projects\\GROUPED PROJECTS\\school projects\\blue-alert\\vendor\\laravel\\framework\\src\\Illuminate\\Pipeline\\Pipeline.php(183): Illuminate\\Http\\Middleware\\HandleCors->handle(Object(Illuminate\\Http\\Request), Object(Closure))
#43 C:\\Users\\loren\\OneDrive\\Documents\\All Programming Projects\\GROUPED PROJECTS\\school projects\\blue-alert\\vendor\\laravel\\framework\\src\\Illuminate\\Http\\Middleware\\TrustProxies.php(57): Illuminate\\Pipeline\\Pipeline->Illuminate\\Pipeline\\{closure}(Object(Illuminate\\Http\\Request))
#44 C:\\Users\\loren\\OneDrive\\Documents\\All Programming Projects\\GROUPED PROJECTS\\school projects\\blue-alert\\vendor\\laravel\\framework\\src\\Illuminate\\Pipeline\\Pipeline.php(183): Illuminate\\Http\\Middleware\\TrustProxies->handle(Object(Illuminate\\Http\\Request), Object(Closure))
#45 C:\\Users\\loren\\OneDrive\\Documents\\All Programming Projects\\GROUPED PROJECTS\\school projects\\blue-alert\\vendor\\laravel\\framework\\src\\Illuminate\\Pipeline\\Pipeline.php(119): Illuminate\\Pipeline\\Pipeline->Illuminate\\Pipeline\\{closure}(Object(Illuminate\\Http\\Request))
#46 C:\\Users\\loren\\OneDrive\\Documents\\All Programming Projects\\GROUPED PROJECTS\\school projects\\blue-alert\\vendor\\laravel\\framework\\src\\Illuminate\\Foundation\\Http\\Kernel.php(176): Illuminate\\Pipeline\\Pipeline->then(Object(Closure))
#47 C:\\Users\\loren\\OneDrive\\Documents\\All Programming Projects\\GROUPED PROJECTS\\school projects\\blue-alert\\vendor\\laravel\\framework\\src\\Illuminate\\Foundation\\Http\\Kernel.php(145): Illuminate\\Foundation\\Http\\Kernel->sendRequestThroughRouter(Object(Illuminate\\Http\\Request))
#48 C:\\Users\\loren\\OneDrive\\Documents\\All Programming Projects\\GROUPED PROJECTS\\school projects\\blue-alert\\vendor\\laravel\\framework\\src\\Illuminate\\Foundation\\Application.php(1188): Illuminate\\Foundation\\Http\\Kernel->handle(Object(Illuminate\\Http\\Request))
#49 C:\\Users\\loren\\OneDrive\\Documents\\All Programming Projects\\GROUPED PROJECTS\\school projects\\blue-alert\\public\\index.php(17): Illuminate\\Foundation\\Application->handleRequest(Object(Illuminate\\Http\\Request))
#50 C:\\Users\\loren\\OneDrive\\Documents\\All Programming Projects\\GROUPED PROJECTS\\school projects\\blue-alert\\vendor\\laravel\\framework\\src\\Illuminate\\Foundation\\resources\\server.php(23): require_once('C:\\\\Users\\\\loren\\\\...')
#51 {main}
"} 
[2024-11-11 06:40:42] local.ERROR: View [articles.edit] not found. {"userId":29,"exception":"[object] (InvalidArgumentException(code: 0): View [articles.edit] not found. at C:\\Users\\loren\\OneDrive\\Documents\\All Programming Projects\\GROUPED PROJECTS\\school projects\\blue-alert\\vendor\\laravel\\framework\\src\\Illuminate\\View\\FileViewFinder.php:139)
[stacktrace]
#0 C:\\Users\\loren\\OneDrive\\Documents\\All Programming Projects\\GROUPED PROJECTS\\school projects\\blue-alert\\vendor\\laravel\\framework\\src\\Illuminate\\View\\FileViewFinder.php(79): Illuminate\\View\\FileViewFinder->findInPaths('articles.edit', Array)
#1 C:\\Users\\loren\\OneDrive\\Documents\\All Programming Projects\\GROUPED PROJECTS\\school projects\\blue-alert\\vendor\\laravel\\framework\\src\\Illuminate\\View\\Factory.php(151): Illuminate\\View\\FileViewFinder->find('articles.edit')
#2 C:\\Users\\loren\\OneDrive\\Documents\\All Programming Projects\\GROUPED PROJECTS\\school projects\\blue-alert\\vendor\\laravel\\framework\\src\\Illuminate\\Foundation\\helpers.php(1047): Illuminate\\View\\Factory->make('articles.edit', Array, Array)
#3 C:\\Users\\loren\\OneDrive\\Documents\\All Programming Projects\\GROUPED PROJECTS\\school projects\\blue-alert\\app\\Http\\Controllers\\ArticleController.php(38): view('articles.edit', Array)
#4 C:\\Users\\loren\\OneDrive\\Documents\\All Programming Projects\\GROUPED PROJECTS\\school projects\\blue-alert\\vendor\\laravel\\framework\\src\\Illuminate\\Routing\\ControllerDispatcher.php(46): App\\Http\\Controllers\\ArticleController->showEditForm('18')
#5 C:\\Users\\loren\\OneDrive\\Documents\\All Programming Projects\\GROUPED PROJECTS\\school projects\\blue-alert\\vendor\\laravel\\framework\\src\\Illuminate\\Routing\\Route.php(260): Illuminate\\Routing\\ControllerDispatcher->dispatch(Object(Illuminate\\Routing\\Route), Object(App\\Http\\Controllers\\ArticleController), 'showEditForm')
#6 C:\\Users\\loren\\OneDrive\\Documents\\All Programming Projects\\GROUPED PROJECTS\\school projects\\blue-alert\\vendor\\laravel\\framework\\src\\Illuminate\\Routing\\Route.php(206): Illuminate\\Routing\\Route->runController()
#7 C:\\Users\\loren\\OneDrive\\Documents\\All Programming Projects\\GROUPED PROJECTS\\school projects\\blue-alert\\vendor\\laravel\\framework\\src\\Illuminate\\Routing\\Router.php(808): Illuminate\\Routing\\Route->run()
#8 C:\\Users\\loren\\OneDrive\\Documents\\All Programming Projects\\GROUPED PROJECTS\\school projects\\blue-alert\\vendor\\laravel\\framework\\src\\Illuminate\\Pipeline\\Pipeline.php(144): Illuminate\\Routing\\Router->Illuminate\\Routing\\{closure}(Object(Illuminate\\Http\\Request))
#9 C:\\Users\\loren\\OneDrive\\Documents\\All Programming Projects\\GROUPED PROJECTS\\school projects\\blue-alert\\vendor\\laravel\\framework\\src\\Illuminate\\Routing\\Middleware\\SubstituteBindings.php(51): Illuminate\\Pipeline\\Pipeline->Illuminate\\Pipeline\\{closure}(Object(Illuminate\\Http\\Request))
#10 C:\\Users\\loren\\OneDrive\\Documents\\All Programming Projects\\GROUPED PROJECTS\\school projects\\blue-alert\\vendor\\laravel\\framework\\src\\Illuminate\\Pipeline\\Pipeline.php(183): Illuminate\\Routing\\Middleware\\SubstituteBindings->handle(Object(Illuminate\\Http\\Request), Object(Closure))
#11 C:\\Users\\loren\\OneDrive\\Documents\\All Programming Projects\\GROUPED PROJECTS\\school projects\\blue-alert\\vendor\\laravel\\framework\\src\\Illuminate\\Auth\\Middleware\\Authenticate.php(64): Illuminate\\Pipeline\\Pipeline->Illuminate\\Pipeline\\{closure}(Object(Illuminate\\Http\\Request))
#12 C:\\Users\\loren\\OneDrive\\Documents\\All Programming Projects\\GROUPED PROJECTS\\school projects\\blue-alert\\vendor\\laravel\\framework\\src\\Illuminate\\Pipeline\\Pipeline.php(183): Illuminate\\Auth\\Middleware\\Authenticate->handle(Object(Illuminate\\Http\\Request), Object(Closure))
#13 C:\\Users\\loren\\OneDrive\\Documents\\All Programming Projects\\GROUPED PROJECTS\\school projects\\blue-alert\\vendor\\laravel\\framework\\src\\Illuminate\\Foundation\\Http\\Middleware\\VerifyCsrfToken.php(88): Illuminate\\Pipeline\\Pipeline->Illuminate\\Pipeline\\{closure}(Object(Illuminate\\Http\\Request))
#14 C:\\Users\\loren\\OneDrive\\Documents\\All Programming Projects\\GROUPED PROJECTS\\school projects\\blue-alert\\vendor\\laravel\\framework\\src\\Illuminate\\Pipeline\\Pipeline.php(183): Illuminate\\Foundation\\Http\\Middleware\\VerifyCsrfToken->handle(Object(Illuminate\\Http\\Request), Object(Closure))
#15 C:\\Users\\loren\\OneDrive\\Documents\\All Programming Projects\\GROUPED PROJECTS\\school projects\\blue-alert\\vendor\\laravel\\framework\\src\\Illuminate\\View\\Middleware\\ShareErrorsFromSession.php(49): Illuminate\\Pipeline\\Pipeline->Illuminate\\Pipeline\\{closure}(Object(Illuminate\\Http\\Request))
#16 C:\\Users\\loren\\OneDrive\\Documents\\All Programming Projects\\GROUPED PROJECTS\\school projects\\blue-alert\\vendor\\laravel\\framework\\src\\Illuminate\\Pipeline\\Pipeline.php(183): Illuminate\\View\\Middleware\\ShareErrorsFromSession->handle(Object(Illuminate\\Http\\Request), Object(Closure))
#17 C:\\Users\\loren\\OneDrive\\Documents\\All Programming Projects\\GROUPED PROJECTS\\school projects\\blue-alert\\vendor\\laravel\\framework\\src\\Illuminate\\Session\\Middleware\\StartSession.php(121): Illuminate\\Pipeline\\Pipeline->Illuminate\\Pipeline\\{closure}(Object(Illuminate\\Http\\Request))
#18 C:\\Users\\loren\\OneDrive\\Documents\\All Programming Projects\\GROUPED PROJECTS\\school projects\\blue-alert\\vendor\\laravel\\framework\\src\\Illuminate\\Session\\Middleware\\StartSession.php(64): Illuminate\\Session\\Middleware\\StartSession->handleStatefulRequest(Object(Illuminate\\Http\\Request), Object(Illuminate\\Session\\Store), Object(Closure))
#19 C:\\Users\\loren\\OneDrive\\Documents\\All Programming Projects\\GROUPED PROJECTS\\school projects\\blue-alert\\vendor\\laravel\\framework\\src\\Illuminate\\Pipeline\\Pipeline.php(183): Illuminate\\Session\\Middleware\\StartSession->handle(Object(Illuminate\\Http\\Request), Object(Closure))
#20 C:\\Users\\loren\\OneDrive\\Documents\\All Programming Projects\\GROUPED PROJECTS\\school projects\\blue-alert\\vendor\\laravel\\framework\\src\\Illuminate\\Cookie\\Middleware\\AddQueuedCookiesToResponse.php(37): Illuminate\\Pipeline\\Pipeline->Illuminate\\Pipeline\\{closure}(Object(Illuminate\\Http\\Request))
#21 C:\\Users\\loren\\OneDrive\\Documents\\All Programming Projects\\GROUPED PROJECTS\\school projects\\blue-alert\\vendor\\laravel\\framework\\src\\Illuminate\\Pipeline\\Pipeline.php(183): Illuminate\\Cookie\\Middleware\\AddQueuedCookiesToResponse->handle(Object(Illuminate\\Http\\Request), Object(Closure))
#22 C:\\Users\\loren\\OneDrive\\Documents\\All Programming Projects\\GROUPED PROJECTS\\school projects\\blue-alert\\vendor\\laravel\\framework\\src\\Illuminate\\Cookie\\Middleware\\EncryptCookies.php(75): Illuminate\\Pipeline\\Pipeline->Illuminate\\Pipeline\\{closure}(Object(Illuminate\\Http\\Request))
#23 C:\\Users\\loren\\OneDrive\\Documents\\All Programming Projects\\GROUPED PROJECTS\\school projects\\blue-alert\\vendor\\laravel\\framework\\src\\Illuminate\\Pipeline\\Pipeline.php(183): Illuminate\\Cookie\\Middleware\\EncryptCookies->handle(Object(Illuminate\\Http\\Request), Object(Closure))
#24 C:\\Users\\loren\\OneDrive\\Documents\\All Programming Projects\\GROUPED PROJECTS\\school projects\\blue-alert\\vendor\\laravel\\framework\\src\\Illuminate\\Pipeline\\Pipeline.php(119): Illuminate\\Pipeline\\Pipeline->Illuminate\\Pipeline\\{closure}(Object(Illuminate\\Http\\Request))
#25 C:\\Users\\loren\\OneDrive\\Documents\\All Programming Projects\\GROUPED PROJECTS\\school projects\\blue-alert\\vendor\\laravel\\framework\\src\\Illuminate\\Routing\\Router.php(807): Illuminate\\Pipeline\\Pipeline->then(Object(Closure))
#26 C:\\Users\\loren\\OneDrive\\Documents\\All Programming Projects\\GROUPED PROJECTS\\school projects\\blue-alert\\vendor\\laravel\\framework\\src\\Illuminate\\Routing\\Router.php(786): Illuminate\\Routing\\Router->runRouteWithinStack(Object(Illuminate\\Routing\\Route), Object(Illuminate\\Http\\Request))
#27 C:\\Users\\loren\\OneDrive\\Documents\\All Programming Projects\\GROUPED PROJECTS\\school projects\\blue-alert\\vendor\\laravel\\framework\\src\\Illuminate\\Routing\\Router.php(750): Illuminate\\Routing\\Router->runRoute(Object(Illuminate\\Http\\Request), Object(Illuminate\\Routing\\Route))
#28 C:\\Users\\loren\\OneDrive\\Documents\\All Programming Projects\\GROUPED PROJECTS\\school projects\\blue-alert\\vendor\\laravel\\framework\\src\\Illuminate\\Routing\\Router.php(739): Illuminate\\Routing\\Router->dispatchToRoute(Object(Illuminate\\Http\\Request))
#29 C:\\Users\\loren\\OneDrive\\Documents\\All Programming Projects\\GROUPED PROJECTS\\school projects\\blue-alert\\vendor\\laravel\\framework\\src\\Illuminate\\Foundation\\Http\\Kernel.php(201): Illuminate\\Routing\\Router->dispatch(Object(Illuminate\\Http\\Request))
#30 C:\\Users\\loren\\OneDrive\\Documents\\All Programming Projects\\GROUPED PROJECTS\\school projects\\blue-alert\\vendor\\laravel\\framework\\src\\Illuminate\\Pipeline\\Pipeline.php(144): Illuminate\\Foundation\\Http\\Kernel->Illuminate\\Foundation\\Http\\{closure}(Object(Illuminate\\Http\\Request))
#31 C:\\Users\\loren\\OneDrive\\Documents\\All Programming Projects\\GROUPED PROJECTS\\school projects\\blue-alert\\vendor\\laravel\\framework\\src\\Illuminate\\Foundation\\Http\\Middleware\\TransformsRequest.php(21): Illuminate\\Pipeline\\Pipeline->Illuminate\\Pipeline\\{closure}(Object(Illuminate\\Http\\Request))
#32 C:\\Users\\loren\\OneDrive\\Documents\\All Programming Projects\\GROUPED PROJECTS\\school projects\\blue-alert\\vendor\\laravel\\framework\\src\\Illuminate\\Foundation\\Http\\Middleware\\ConvertEmptyStringsToNull.php(31): Illuminate\\Foundation\\Http\\Middleware\\TransformsRequest->handle(Object(Illuminate\\Http\\Request), Object(Closure))
#33 C:\\Users\\loren\\OneDrive\\Documents\\All Programming Projects\\GROUPED PROJECTS\\school projects\\blue-alert\\vendor\\laravel\\framework\\src\\Illuminate\\Pipeline\\Pipeline.php(183): Illuminate\\Foundation\\Http\\Middleware\\ConvertEmptyStringsToNull->handle(Object(Illuminate\\Http\\Request), Object(Closure))
#34 C:\\Users\\loren\\OneDrive\\Documents\\All Programming Projects\\GROUPED PROJECTS\\school projects\\blue-alert\\vendor\\laravel\\framework\\src\\Illuminate\\Foundation\\Http\\Middleware\\TransformsRequest.php(21): Illuminate\\Pipeline\\Pipeline->Illuminate\\Pipeline\\{closure}(Object(Illuminate\\Http\\Request))
#35 C:\\Users\\loren\\OneDrive\\Documents\\All Programming Projects\\GROUPED PROJECTS\\school projects\\blue-alert\\vendor\\laravel\\framework\\src\\Illuminate\\Foundation\\Http\\Middleware\\TrimStrings.php(51): Illuminate\\Foundation\\Http\\Middleware\\TransformsRequest->handle(Object(Illuminate\\Http\\Request), Object(Closure))
#36 C:\\Users\\loren\\OneDrive\\Documents\\All Programming Projects\\GROUPED PROJECTS\\school projects\\blue-alert\\vendor\\laravel\\framework\\src\\Illuminate\\Pipeline\\Pipeline.php(183): Illuminate\\Foundation\\Http\\Middleware\\TrimStrings->handle(Object(Illuminate\\Http\\Request), Object(Closure))
#37 C:\\Users\\loren\\OneDrive\\Documents\\All Programming Projects\\GROUPED PROJECTS\\school projects\\blue-alert\\vendor\\laravel\\framework\\src\\Illuminate\\Http\\Middleware\\ValidatePostSize.php(27): Illuminate\\Pipeline\\Pipeline->Illuminate\\Pipeline\\{closure}(Object(Illuminate\\Http\\Request))
#38 C:\\Users\\loren\\OneDrive\\Documents\\All Programming Projects\\GROUPED PROJECTS\\school projects\\blue-alert\\vendor\\laravel\\framework\\src\\Illuminate\\Pipeline\\Pipeline.php(183): Illuminate\\Http\\Middleware\\ValidatePostSize->handle(Object(Illuminate\\Http\\Request), Object(Closure))
#39 C:\\Users\\loren\\OneDrive\\Documents\\All Programming Projects\\GROUPED PROJECTS\\school projects\\blue-alert\\vendor\\laravel\\framework\\src\\Illuminate\\Foundation\\Http\\Middleware\\PreventRequestsDuringMaintenance.php(110): Illuminate\\Pipeline\\Pipeline->Illuminate\\Pipeline\\{closure}(Object(Illuminate\\Http\\Request))
#40 C:\\Users\\loren\\OneDrive\\Documents\\All Programming Projects\\GROUPED PROJECTS\\school projects\\blue-alert\\vendor\\laravel\\framework\\src\\Illuminate\\Pipeline\\Pipeline.php(183): Illuminate\\Foundation\\Http\\Middleware\\PreventRequestsDuringMaintenance->handle(Object(Illuminate\\Http\\Request), Object(Closure))
#41 C:\\Users\\loren\\OneDrive\\Documents\\All Programming Projects\\GROUPED PROJECTS\\school projects\\blue-alert\\vendor\\laravel\\framework\\src\\Illuminate\\Http\\Middleware\\HandleCors.php(49): Illuminate\\Pipeline\\Pipeline->Illuminate\\Pipeline\\{closure}(Object(Illuminate\\Http\\Request))
#42 C:\\Users\\loren\\OneDrive\\Documents\\All Programming Projects\\GROUPED PROJECTS\\school projects\\blue-alert\\vendor\\laravel\\framework\\src\\Illuminate\\Pipeline\\Pipeline.php(183): Illuminate\\Http\\Middleware\\HandleCors->handle(Object(Illuminate\\Http\\Request), Object(Closure))
#43 C:\\Users\\loren\\OneDrive\\Documents\\All Programming Projects\\GROUPED PROJECTS\\school projects\\blue-alert\\vendor\\laravel\\framework\\src\\Illuminate\\Http\\Middleware\\TrustProxies.php(57): Illuminate\\Pipeline\\Pipeline->Illuminate\\Pipeline\\{closure}(Object(Illuminate\\Http\\Request))
#44 C:\\Users\\loren\\OneDrive\\Documents\\All Programming Projects\\GROUPED PROJECTS\\school projects\\blue-alert\\vendor\\laravel\\framework\\src\\Illuminate\\Pipeline\\Pipeline.php(183): Illuminate\\Http\\Middleware\\TrustProxies->handle(Object(Illuminate\\Http\\Request), Object(Closure))
#45 C:\\Users\\loren\\OneDrive\\Documents\\All Programming Projects\\GROUPED PROJECTS\\school projects\\blue-alert\\vendor\\laravel\\framework\\src\\Illuminate\\Pipeline\\Pipeline.php(119): Illuminate\\Pipeline\\Pipeline->Illuminate\\Pipeline\\{closure}(Object(Illuminate\\Http\\Request))
#46 C:\\Users\\loren\\OneDrive\\Documents\\All Programming Projects\\GROUPED PROJECTS\\school projects\\blue-alert\\vendor\\laravel\\framework\\src\\Illuminate\\Foundation\\Http\\Kernel.php(176): Illuminate\\Pipeline\\Pipeline->then(Object(Closure))
#47 C:\\Users\\loren\\OneDrive\\Documents\\All Programming Projects\\GROUPED PROJECTS\\school projects\\blue-alert\\vendor\\laravel\\framework\\src\\Illuminate\\Foundation\\Http\\Kernel.php(145): Illuminate\\Foundation\\Http\\Kernel->sendRequestThroughRouter(Object(Illuminate\\Http\\Request))
#48 C:\\Users\\loren\\OneDrive\\Documents\\All Programming Projects\\GROUPED PROJECTS\\school projects\\blue-alert\\vendor\\laravel\\framework\\src\\Illuminate\\Foundation\\Application.php(1188): Illuminate\\Foundation\\Http\\Kernel->handle(Object(Illuminate\\Http\\Request))
#49 C:\\Users\\loren\\OneDrive\\Documents\\All Programming Projects\\GROUPED PROJECTS\\school projects\\blue-alert\\public\\index.php(17): Illuminate\\Foundation\\Application->handleRequest(Object(Illuminate\\Http\\Request))
#50 C:\\Users\\loren\\OneDrive\\Documents\\All Programming Projects\\GROUPED PROJECTS\\school projects\\blue-alert\\vendor\\laravel\\framework\\src\\Illuminate\\Foundation\\resources\\server.php(23): require_once('C:\\\\Users\\\\loren\\\\...')
#51 {main}
"} 
